<?xml version="1.0" encoding="UTF-8"?>
<!-- Generated by org.testng.reporters.JUnitReportReporter -->
<testsuite hostname="lotus-pc" failures="0" tests="1" name="com.LiveGuru.Review" time="26.667" errors="0" timestamp="23 Feb 2023 02:01:22 GMT" skipped="0">
  <testcase classname="com.LiveGuru.Review" name="TC_09_Verify_you_can_Add_your_Review" time="26.667"/>
</testsuite> <!-- com.LiveGuru.Review -->
