<?xml version="1.0" encoding="UTF-8"?>
<!-- Generated by org.testng.reporters.JUnitReportReporter -->
<testsuite hostname="lotus-pc" failures="0" tests="1" name="com.LiveGuru.WishlistAndReview" time="30.192" errors="0" timestamp="22 Feb 2023 02:06:27 GMT" skipped="0">
  <testcase classname="com.LiveGuru.WishlistAndReview" name="TC_08_Verify_you_can_share_wishlist_to_other_people_using_email" time="30.192"/>
</testsuite> <!-- com.LiveGuru.WishlistAndReview -->
