<?xml version="1.0" encoding="UTF-8"?>
<!-- Generated by org.testng.reporters.JUnitReportReporter -->
<testsuite hostname="lotus-pc" failures="0" tests="3" name="com.LiveGuru.Register" time="7.248" errors="0" timestamp="23 Feb 2023 02:01:22 GMT" skipped="0">
  <testcase classname="com.LiveGuru.Register" name="TC_02_Verify_user_information_is_correct_after_registered_successfully" time="2.304"/>
  <testcase classname="com.LiveGuru.Register" name="TC_03_Login_Success_To_System" time="2.033"/>
  <testcase classname="com.LiveGuru.Register" name="TC_01_Register_success_to_system" time="2.911"/>
</testsuite> <!-- com.LiveGuru.Register -->
