<?xml version="1.0" encoding="UTF-8"?>
<!-- Generated by org.testng.reporters.JUnitReportReporter -->
<testsuite hostname="lotus-pc" failures="0" tests="1" name="com.LiveGuru.Purchase" time="42.330" errors="0" timestamp="23 Feb 2023 02:01:22 GMT" skipped="0">
  <testcase classname="com.LiveGuru.Purchase" name="TC_10_Verify_user_is_able_to_purchase_product" time="42.330"/>
</testsuite> <!-- com.LiveGuru.Purchase -->
