<?xml version="1.0" encoding="UTF-8"?>
<!-- Generated by org.testng.reporters.JUnitReportReporter -->
<testsuite hostname="lotus-pc" failures="0" tests="1" name="com.LiveGuru.Search" time="26.299" errors="0" timestamp="23 Feb 2023 02:01:22 GMT" skipped="0">
  <testcase classname="com.LiveGuru.Search" name="TC_11_Verify_search_functionality" time="26.299"/>
</testsuite> <!-- com.LiveGuru.Search -->
