<?xml version="1.0" encoding="UTF-8"?>
<!-- Generated by org.testng.reporters.JUnitReportReporter -->
<testsuite hostname="lotus-pc" failures="0" tests="1" name="com.LiveGuru.Wishlist" time="41.823" errors="0" timestamp="23 Feb 2023 02:03:10 GMT" skipped="0">
  <testcase classname="com.LiveGuru.Wishlist" name="TC_08_Verify_you_can_share_wishlist_to_other_people_using_email" time="41.823"/>
</testsuite> <!-- com.LiveGuru.Wishlist -->
